mode: set
esep/grade-calculator/grade_calculator.go:21.37,23.2 1 1
esep/grade-calculator/grade_calculator.go:31.44,35.2 1 1
esep/grade-calculator/grade_calculator.go:37.51,40.26 2 1
esep/grade-calculator/grade_calculator.go:40.26,42.3 1 1
esep/grade-calculator/grade_calculator.go:42.8,42.33 1 1
esep/grade-calculator/grade_calculator.go:42.33,44.3 1 1
esep/grade-calculator/grade_calculator.go:44.8,44.33 1 1
esep/grade-calculator/grade_calculator.go:44.33,46.3 1 1
esep/grade-calculator/grade_calculator.go:46.8,46.33 1 1
esep/grade-calculator/grade_calculator.go:46.33,48.3 1 1
esep/grade-calculator/grade_calculator.go:50.2,50.12 1 1
esep/grade-calculator/grade_calculator.go:53.82,59.2 1 1
esep/grade-calculator/grade_calculator.go:61.58,69.2 5 1
esep/grade-calculator/grade_calculator.go:71.41,74.22 2 1
esep/grade-calculator/grade_calculator.go:74.22,76.3 1 1
esep/grade-calculator/grade_calculator.go:78.2,78.27 1 1
esep/grade-calculator/grade_calculator.go:78.27,80.3 1 1
esep/grade-calculator/grade_calculator.go:82.2,82.26 1 1
esep/grade-calculator/grade_calculator.go:85.53,87.24 2 1
esep/grade-calculator/grade_calculator.go:87.24,88.18 1 1
esep/grade-calculator/grade_calculator.go:88.18,90.4 1 1
esep/grade-calculator/grade_calculator.go:92.2,92.15 1 1
